<?xml version="1.0" encoding="UTF-8"?>
<!-- Generated by org.testng.reporters.JUnitReportReporter -->
<testsuite hostname="DESKTOP-RFI93LB" failures="0" tests="1" name="com.tests.CrownTest" time="17.098" errors="0" timestamp="2023-03-12T20:30:46 EDT" skipped="0">
  <testcase classname="com.tests.CrownTest" name="homePageTest" time="17.098"/>
  <system-out/>
</testsuite> <!-- com.tests.CrownTest -->
