<?xml version="1.0" encoding="UTF-8"?>
<!-- Generated by org.testng.reporters.JUnitReportReporter -->
<testsuite hostname="VirusPackage" failures="0" tests="1" name="com.tests.CrownTest" time="18.843" errors="0" timestamp="2023-03-13T16:41:46 EDT" skipped="0">
  <testcase classname="com.tests.CrownTest" name="homePageTest" time="18.843"/>
  <system-out/>
</testsuite> <!-- com.tests.CrownTest -->
